\BOOKMARK [0][-]{chapter.1}{\376\377\0001\000\040\330\075\335\020\000\040\000P\000A\000d\000E\000S\000\040\000Q\000u\000a\000l\000i\000f\000i\000e\000d\000\040\000E\000l\000e\000c\000t\000r\000o\000n\000i\000c\000\040\000S\000i\000g\000n\000a\000t\000u\000r\000e\000\040\000T\000o\000o\000l\000\040}{}% 1
\BOOKMARK [1][-]{section.1.1}{\376\377\0001\000.\0001\000\040\047\050\000\040\000P\000r\000o\000j\000e\000c\000t\000\040\000S\000t\000a\000t\000u\000s\000:\000\040\000C\000O\000M\000P\000L\000E\000T\000E\000\040\047\005}{chapter.1}% 2
\BOOKMARK [1][-]{section.1.2}{\376\377\0001\000.\0002\000\040\330\075\336\200\000\040\000Q\000u\000i\000c\000k\000\040\000S\000t\000a\000r\000t}{chapter.1}% 3
\BOOKMARK [1][-]{section.1.3}{\376\377\0001\000.\0003\000\040\330\074\337\257\000\040\000P\000r\000o\000j\000e\000c\000t\000\040\000O\000v\000e\000r\000v\000i\000e\000w}{chapter.1}% 4
\BOOKMARK [1][-]{section.1.4}{\376\377\0001\000.\0004\000\040\330\075\335\047\000\040\000K\000e\000y\000\040\000F\000e\000a\000t\000u\000r\000e\000s}{chapter.1}% 5
\BOOKMARK [2][-]{subsection.1.4.1}{\376\377\0001\000.\0004\000.\0001\000\040\000R\000S\000A\000\040\000K\000e\000y\000\040\000G\000e\000n\000e\000r\000a\000t\000o\000r}{section.1.4}% 6
\BOOKMARK [2][-]{subsection.1.4.2}{\376\377\0001\000.\0004\000.\0002\000\040\000P\000A\000d\000E\000S\000\040\000S\000i\000g\000n\000a\000t\000u\000r\000e\000\040\000T\000o\000o\000l}{section.1.4}% 7
\BOOKMARK [1][-]{section.1.5}{\376\377\0001\000.\0005\000\040\330\075\336\340\376\017\000\040\000T\000e\000c\000h\000n\000i\000c\000a\000l\000\040\000S\000p\000e\000c\000i\000f\000i\000c\000a\000t\000i\000o\000n\000s}{chapter.1}% 8
\BOOKMARK [1][-]{section.1.6}{\376\377\0001\000.\0006\000\040\330\075\336\200\000\040\000I\000n\000s\000t\000a\000l\000l\000a\000t\000i\000o\000n\000\040\000\046\000\040\000S\000e\000t\000u\000p}{chapter.1}% 9
\BOOKMARK [2][-]{subsection.1.6.1}{\376\377\0001\000.\0006\000.\0001\000\040\000P\000r\000e\000r\000e\000q\000u\000i\000s\000i\000t\000e\000s}{section.1.6}% 10
\BOOKMARK [2][-]{subsection.1.6.2}{\376\377\0001\000.\0006\000.\0002\000\040\000I\000n\000s\000t\000a\000l\000l\000\040\000D\000e\000p\000e\000n\000d\000e\000n\000c\000i\000e\000s}{section.1.6}% 11
\BOOKMARK [2][-]{subsection.1.6.3}{\376\377\0001\000.\0006\000.\0003\000\040\000M\000a\000n\000u\000a\000l\000\040\000I\000n\000s\000t\000a\000l\000l\000a\000t\000i\000o\000n}{section.1.6}% 12
\BOOKMARK [1][-]{section.1.7}{\376\377\0001\000.\0007\000\040\330\075\334\326\000\040\000U\000s\000a\000g\000e\000\040\000G\000u\000i\000d\000e}{chapter.1}% 13
\BOOKMARK [2][-]{subsection.1.7.1}{\376\377\0001\000.\0007\000.\0001\000\040\0001\000.\000\040\000G\000e\000n\000e\000r\000a\000t\000e\000\040\000R\000S\000A\000\040\000K\000e\000y\000s}{section.1.7}% 14
\BOOKMARK [2][-]{subsection.1.7.2}{\376\377\0001\000.\0007\000.\0002\000\040\0002\000.\000\040\000S\000i\000g\000n\000\040\000P\000D\000F\000\040\000D\000o\000c\000u\000m\000e\000n\000t\000s}{section.1.7}% 15
\BOOKMARK [2][-]{subsection.1.7.3}{\376\377\0001\000.\0007\000.\0003\000\040\0003\000.\000\040\000V\000e\000r\000i\000f\000y\000\040\000S\000i\000g\000n\000a\000t\000u\000r\000e\000s}{section.1.7}% 16
\BOOKMARK [1][-]{section.1.8}{\376\377\0001\000.\0008\000\040\330\075\335\022\000\040\000S\000e\000c\000u\000r\000i\000t\000y\000\040\000F\000e\000a\000t\000u\000r\000e\000s}{chapter.1}% 17
\BOOKMARK [1][-]{section.1.9}{\376\377\0001\000.\0009\000\040\330\075\334\301\000\040\000P\000r\000o\000j\000e\000c\000t\000\040\000S\000t\000r\000u\000c\000t\000u\000r\000e}{chapter.1}% 18
\BOOKMARK [1][-]{section.1.10}{\376\377\0001\000.\0001\0000\000\040\330\076\335\352\000\040\000T\000e\000s\000t\000i\000n\000g\000\040\000S\000c\000e\000n\000a\000r\000i\000o\000s}{chapter.1}% 19
\BOOKMARK [1][-]{section.1.11}{\376\377\0001\000.\0001\0001\000\040\330\075\335\027\000\040\000R\000e\000p\000o\000s\000i\000t\000o\000r\000y}{chapter.1}% 20
\BOOKMARK [0][-]{chapter.2}{\376\377\0002\000\040\000N\000a\000m\000e\000s\000p\000a\000c\000e\000\040\000D\000o\000c\000u\000m\000e\000n\000t\000a\000t\000i\000o\000n}{}% 21
\BOOKMARK [1][-]{section.2.1}{\376\377\0002\000.\0001\000\040\000m\000a\000i\000n\000\040\000N\000a\000m\000e\000s\000p\000a\000c\000e\000\040\000R\000e\000f\000e\000r\000e\000n\000c\000e}{chapter.2}% 22
\BOOKMARK [2][-]{subsection.2.1.1}{\376\377\0002\000.\0001\000.\0001\000\040\000D\000e\000t\000a\000i\000l\000e\000d\000\040\000D\000e\000s\000c\000r\000i\000p\000t\000i\000o\000n}{section.2.1}% 23
\BOOKMARK [1][-]{section.2.2}{\376\377\0002\000.\0002\000\040\000R\000S\000A\000\137\000g\000e\000n\000e\000r\000a\000t\000i\000o\000n\000\040\000N\000a\000m\000e\000s\000p\000a\000c\000e\000\040\000R\000e\000f\000e\000r\000e\000n\000c\000e}{chapter.2}% 24
\BOOKMARK [2][-]{subsection.2.2.1}{\376\377\0002\000.\0002\000.\0001\000\040\000D\000e\000t\000a\000i\000l\000e\000d\000\040\000D\000e\000s\000c\000r\000i\000p\000t\000i\000o\000n}{section.2.2}% 25
\BOOKMARK [2][-]{subsection.2.2.2}{\376\377\0002\000.\0002\000.\0002\000\040\000F\000u\000n\000c\000t\000i\000o\000n\000\040\000D\000o\000c\000u\000m\000e\000n\000t\000a\000t\000i\000o\000n}{section.2.2}% 26
\BOOKMARK [3][-]{subsubsection.2.2.2.1}{\376\377\0002\000.\0002\000.\0002\000.\0001\000\040\000c\000r\000e\000a\000t\000e\000\137\000r\000s\000a\000\137\000k\000e\000y\000s\000\050\000\051}{subsection.2.2.2}% 27
\BOOKMARK [0][-]{chapter.3}{\376\377\0003\000\040\000C\000l\000a\000s\000s\000\040\000D\000o\000c\000u\000m\000e\000n\000t\000a\000t\000i\000o\000n}{}% 28
\BOOKMARK [1][-]{section.3.1}{\376\377\0003\000.\0001\000\040\000m\000a\000i\000n\000.\000C\000r\000y\000p\000t\000o\000U\000t\000i\000l\000s\000\040\000C\000l\000a\000s\000s\000\040\000R\000e\000f\000e\000r\000e\000n\000c\000e}{chapter.3}% 29
\BOOKMARK [2][-]{subsection.3.1.1}{\376\377\0003\000.\0001\000.\0001\000\040\000M\000e\000m\000b\000e\000r\000\040\000F\000u\000n\000c\000t\000i\000o\000n\000\040\000D\000o\000c\000u\000m\000e\000n\000t\000a\000t\000i\000o\000n}{section.3.1}% 30
\BOOKMARK [3][-]{subsubsection.3.1.1.1}{\376\377\0003\000.\0001\000.\0001\000.\0001\000\040\000c\000a\000l\000c\000u\000l\000a\000t\000e\000\137\000o\000r\000i\000g\000i\000n\000a\000l\000\137\000c\000o\000n\000t\000e\000n\000t\000\137\000h\000a\000s\000h\000\050\000\051}{subsection.3.1.1}% 31
\BOOKMARK [3][-]{subsubsection.3.1.1.2}{\376\377\0003\000.\0001\000.\0001\000.\0002\000\040\000c\000a\000l\000c\000u\000l\000a\000t\000e\000\137\000p\000d\000f\000\137\000h\000a\000s\000h\000\050\000\051}{subsection.3.1.1}% 32
\BOOKMARK [3][-]{subsubsection.3.1.1.3}{\376\377\0003\000.\0001\000.\0001\000.\0003\000\040\000l\000o\000a\000d\000\137\000p\000r\000i\000v\000a\000t\000e\000\137\000k\000e\000y\000\137\000f\000r\000o\000m\000\137\000p\000e\000n\000d\000r\000i\000v\000e\000\050\000\051}{subsection.3.1.1}% 33
\BOOKMARK [3][-]{subsubsection.3.1.1.4}{\376\377\0003\000.\0001\000.\0001\000.\0004\000\040\000l\000o\000a\000d\000\137\000p\000u\000b\000l\000i\000c\000\137\000k\000e\000y\000\050\000\051}{subsection.3.1.1}% 34
\BOOKMARK [3][-]{subsubsection.3.1.1.5}{\376\377\0003\000.\0001\000.\0001\000.\0005\000\040\000s\000i\000g\000n\000\137\000h\000a\000s\000h\000\050\000\051}{subsection.3.1.1}% 35
\BOOKMARK [3][-]{subsubsection.3.1.1.6}{\376\377\0003\000.\0001\000.\0001\000.\0006\000\040\000v\000e\000r\000i\000f\000y\000\137\000s\000i\000g\000n\000a\000t\000u\000r\000e\000\050\000\051}{subsection.3.1.1}% 36
\BOOKMARK [1][-]{section.3.2}{\376\377\0003\000.\0002\000\040\000m\000a\000i\000n\000.\000M\000a\000i\000n\000W\000i\000n\000d\000o\000w\000\040\000C\000l\000a\000s\000s\000\040\000R\000e\000f\000e\000r\000e\000n\000c\000e}{chapter.3}% 37
\BOOKMARK [2][-]{subsection.3.2.1}{\376\377\0003\000.\0002\000.\0001\000\040\000M\000e\000m\000b\000e\000r\000\040\000F\000u\000n\000c\000t\000i\000o\000n\000\040\000D\000o\000c\000u\000m\000e\000n\000t\000a\000t\000i\000o\000n}{section.3.2}% 38
\BOOKMARK [3][-]{subsubsection.3.2.1.1}{\376\377\0003\000.\0002\000.\0001\000.\0001\000\040\000c\000h\000e\000c\000k\000\137\000p\000e\000n\000d\000r\000i\000v\000e\000\137\000c\000h\000a\000n\000g\000e\000s\000\050\000\051}{subsection.3.2.1}% 39
\BOOKMARK [3][-]{subsubsection.3.2.1.2}{\376\377\0003\000.\0002\000.\0001\000.\0002\000\040\000c\000l\000o\000s\000e\000E\000v\000e\000n\000t\000\050\000\051}{subsection.3.2.1}% 40
\BOOKMARK [3][-]{subsubsection.3.2.1.3}{\376\377\0003\000.\0002\000.\0001\000.\0003\000\040\000r\000e\000s\000e\000t\000\137\000s\000t\000a\000t\000u\000s\000\137\000m\000e\000s\000s\000a\000g\000e\000\050\000\051}{subsection.3.2.1}% 41
\BOOKMARK [3][-]{subsubsection.3.2.1.4}{\376\377\0003\000.\0002\000.\0001\000.\0004\000\040\000s\000h\000o\000w\000\137\000d\000r\000i\000v\000e\000\137\000n\000o\000t\000i\000f\000i\000c\000a\000t\000i\000o\000n\000\050\000\051}{subsection.3.2.1}% 42
\BOOKMARK [1][-]{section.3.3}{\376\377\0003\000.\0003\000\040\000m\000a\000i\000n\000.\000P\000D\000F\000S\000i\000g\000n\000e\000r\000\040\000C\000l\000a\000s\000s\000\040\000R\000e\000f\000e\000r\000e\000n\000c\000e}{chapter.3}% 43
\BOOKMARK [2][-]{subsection.3.3.1}{\376\377\0003\000.\0003\000.\0001\000\040\000M\000e\000m\000b\000e\000r\000\040\000F\000u\000n\000c\000t\000i\000o\000n\000\040\000D\000o\000c\000u\000m\000e\000n\000t\000a\000t\000i\000o\000n}{section.3.3}% 44
\BOOKMARK [3][-]{subsubsection.3.3.1.1}{\376\377\0003\000.\0003\000.\0001\000.\0001\000\040\000c\000r\000e\000a\000t\000e\000\137\000s\000i\000g\000n\000e\000d\000\137\000p\000d\000f\000\050\000\051}{subsection.3.3.1}% 45
\BOOKMARK [3][-]{subsubsection.3.3.1.2}{\376\377\0003\000.\0003\000.\0001\000.\0002\000\040\000e\000x\000t\000r\000a\000c\000t\000\137\000s\000i\000g\000n\000a\000t\000u\000r\000e\000\137\000i\000n\000f\000o\000\050\000\051}{subsection.3.3.1}% 46
\BOOKMARK [1][-]{section.3.4}{\376\377\0003\000.\0004\000\040\000m\000a\000i\000n\000.\000P\000e\000n\000d\000r\000i\000v\000e\000D\000e\000t\000e\000c\000t\000o\000r\000\040\000C\000l\000a\000s\000s\000\040\000R\000e\000f\000e\000r\000e\000n\000c\000e}{chapter.3}% 47
\BOOKMARK [1][-]{section.3.5}{\376\377\0003\000.\0005\000\040\000R\000S\000A\000\137\000g\000e\000n\000e\000r\000a\000t\000i\000o\000n\000.\000R\000S\000A\000K\000e\000y\000G\000e\000n\000e\000r\000a\000t\000o\000r\000G\000U\000I\000\040\000C\000l\000a\000s\000s\000\040\000R\000e\000f\000e\000r\000e\000n\000c\000e}{chapter.3}% 48
\BOOKMARK [2][-]{subsection.3.5.1}{\376\377\0003\000.\0005\000.\0001\000\040\000D\000e\000t\000a\000i\000l\000e\000d\000\040\000D\000e\000s\000c\000r\000i\000p\000t\000i\000o\000n}{section.3.5}% 49
\BOOKMARK [2][-]{subsection.3.5.2}{\376\377\0003\000.\0005\000.\0002\000\040\000C\000o\000n\000s\000t\000r\000u\000c\000t\000o\000r\000\040\000\046\000\040\000D\000e\000s\000t\000r\000u\000c\000t\000o\000r\000\040\000D\000o\000c\000u\000m\000e\000n\000t\000a\000t\000i\000o\000n}{section.3.5}% 50
\BOOKMARK [3][-]{subsubsection.3.5.2.1}{\376\377\0003\000.\0005\000.\0002\000.\0001\000\040\000\137\000\137\000i\000n\000i\000t\000\137\000\137\000\050\000\051}{subsection.3.5.2}% 51
\BOOKMARK [2][-]{subsection.3.5.3}{\376\377\0003\000.\0005\000.\0003\000\040\000M\000e\000m\000b\000e\000r\000\040\000F\000u\000n\000c\000t\000i\000o\000n\000\040\000D\000o\000c\000u\000m\000e\000n\000t\000a\000t\000i\000o\000n}{section.3.5}% 52
\BOOKMARK [3][-]{subsubsection.3.5.3.1}{\376\377\0003\000.\0005\000.\0003\000.\0001\000\040\000b\000r\000o\000w\000s\000e\000\137\000o\000u\000t\000p\000u\000t\000\137\000d\000i\000r\000\050\000\051}{subsection.3.5.3}% 53
\BOOKMARK [3][-]{subsubsection.3.5.3.2}{\376\377\0003\000.\0005\000.\0003\000.\0002\000\040\000d\000e\000t\000e\000c\000t\000\137\000p\000e\000n\000d\000r\000i\000v\000e\000s\000\050\000\051}{subsection.3.5.3}% 54
\BOOKMARK [3][-]{subsubsection.3.5.3.3}{\376\377\0003\000.\0005\000.\0003\000.\0003\000\040\000g\000e\000n\000e\000r\000a\000t\000e\000\137\000k\000e\000y\000s\000\050\000\051}{subsection.3.5.3}% 55
\BOOKMARK [3][-]{subsubsection.3.5.3.4}{\376\377\0003\000.\0005\000.\0003\000.\0004\000\040\000i\000n\000i\000t\000U\000I\000\050\000\051}{subsection.3.5.3}% 56
\BOOKMARK [3][-]{subsubsection.3.5.3.5}{\376\377\0003\000.\0005\000.\0003\000.\0005\000\040\000o\000n\000\137\000e\000r\000r\000o\000r\000\050\000\051}{subsection.3.5.3}% 57
\BOOKMARK [3][-]{subsubsection.3.5.3.6}{\376\377\0003\000.\0005\000.\0003\000.\0006\000\040\000o\000n\000\137\000k\000e\000y\000s\000\137\000g\000e\000n\000e\000r\000a\000t\000e\000d\000\050\000\051}{subsection.3.5.3}% 58
\BOOKMARK [3][-]{subsubsection.3.5.3.7}{\376\377\0003\000.\0005\000.\0003\000.\0007\000\040\000u\000p\000d\000a\000t\000e\000\137\000p\000r\000o\000g\000r\000e\000s\000s\000\050\000\051}{subsection.3.5.3}% 59
\BOOKMARK [1][-]{section.3.6}{\376\377\0003\000.\0006\000\040\000R\000S\000A\000\137\000g\000e\000n\000e\000r\000a\000t\000i\000o\000n\000.\000R\000S\000A\000K\000e\000y\000G\000e\000n\000e\000r\000a\000t\000o\000r\000T\000h\000r\000e\000a\000d\000\040\000C\000l\000a\000s\000s\000\040\000R\000e\000f\000e\000r\000e\000n\000c\000e}{chapter.3}% 60
\BOOKMARK [2][-]{subsection.3.6.1}{\376\377\0003\000.\0006\000.\0001\000\040\000D\000e\000t\000a\000i\000l\000e\000d\000\040\000D\000e\000s\000c\000r\000i\000p\000t\000i\000o\000n}{section.3.6}% 61
\BOOKMARK [2][-]{subsection.3.6.2}{\376\377\0003\000.\0006\000.\0002\000\040\000C\000o\000n\000s\000t\000r\000u\000c\000t\000o\000r\000\040\000\046\000\040\000D\000e\000s\000t\000r\000u\000c\000t\000o\000r\000\040\000D\000o\000c\000u\000m\000e\000n\000t\000a\000t\000i\000o\000n}{section.3.6}% 62
\BOOKMARK [3][-]{subsubsection.3.6.2.1}{\376\377\0003\000.\0006\000.\0002\000.\0001\000\040\000\137\000\137\000i\000n\000i\000t\000\137\000\137\000\050\000\051}{subsection.3.6.2}% 63
\BOOKMARK [2][-]{subsection.3.6.3}{\376\377\0003\000.\0006\000.\0003\000\040\000M\000e\000m\000b\000e\000r\000\040\000F\000u\000n\000c\000t\000i\000o\000n\000\040\000D\000o\000c\000u\000m\000e\000n\000t\000a\000t\000i\000o\000n}{section.3.6}% 64
\BOOKMARK [3][-]{subsubsection.3.6.3.1}{\376\377\0003\000.\0006\000.\0003\000.\0001\000\040\000r\000u\000n\000\050\000\051}{subsection.3.6.3}% 65
\BOOKMARK [1][-]{section.3.7}{\376\377\0003\000.\0007\000\040\000m\000a\000i\000n\000.\000S\000i\000g\000n\000i\000n\000g\000T\000h\000r\000e\000a\000d\000\040\000C\000l\000a\000s\000s\000\040\000R\000e\000f\000e\000r\000e\000n\000c\000e}{chapter.3}% 66
\BOOKMARK [1][-]{section.3.8}{\376\377\0003\000.\0008\000\040\000m\000a\000i\000n\000.\000S\000t\000a\000t\000u\000s\000I\000n\000d\000i\000c\000a\000t\000o\000r\000\040\000C\000l\000a\000s\000s\000\040\000R\000e\000f\000e\000r\000e\000n\000c\000e}{chapter.3}% 67
\BOOKMARK [2][-]{subsection.3.8.1}{\376\377\0003\000.\0008\000.\0001\000\040\000D\000e\000t\000a\000i\000l\000e\000d\000\040\000D\000e\000s\000c\000r\000i\000p\000t\000i\000o\000n}{section.3.8}% 68
\BOOKMARK [2][-]{subsection.3.8.2}{\376\377\0003\000.\0008\000.\0002\000\040\000M\000e\000m\000b\000e\000r\000\040\000F\000u\000n\000c\000t\000i\000o\000n\000\040\000D\000o\000c\000u\000m\000e\000n\000t\000a\000t\000i\000o\000n}{section.3.8}% 69
\BOOKMARK [3][-]{subsubsection.3.8.2.1}{\376\377\0003\000.\0008\000.\0002\000.\0001\000\040\000s\000e\000t\000\137\000s\000t\000a\000t\000u\000s\000\050\000\051}{subsection.3.8.2}% 70
\BOOKMARK [1][-]{section.3.9}{\376\377\0003\000.\0009\000\040\000m\000a\000i\000n\000.\000V\000e\000r\000i\000f\000i\000c\000a\000t\000i\000o\000n\000T\000h\000r\000e\000a\000d\000\040\000C\000l\000a\000s\000s\000\040\000R\000e\000f\000e\000r\000e\000n\000c\000e}{chapter.3}% 71
